Using pre-set license
Built from '2020.3/staging' branch; Version is '2020.3.6f1 (338bb68529b2) revision 3378102'; Using compiler version '192528614'; Build Type 'Release'
OS: 'Windows 10 Pro; OS build 19042.985; Version 2009; 64bit' Language: 'pt' Physical Memory: 32603 MB
BatchMode: 1, IsHumanControllingUs: 0, StartBugReporterOnCrash: 0, Is64bit: 1, IsPro: 0

 COMMAND LINE ARGUMENTS:
C:\Program Files\Unity\Hub\Editor\2020.3.6f1\Editor\Unity.exe
-adb2
-batchMode
-noUpm
-name
AssetImportWorker0
-projectPath
C:/Git/Procedural Anim Study
-logFile
Logs/AssetImportWorker0.log
-srvPort
52759
Successfully changed project path to: C:/Git/Procedural Anim Study
C:/Git/Procedural Anim Study
Using Asset Import Pipeline V2.
Refreshing native plugins compatible for Editor in 38.85 ms, found 1 plugins.
Preloading 0 native plugins for Editor in 0.00 ms.
Initialize engine version: 2020.3.6f1 (338bb68529b2)
[Subsystems] Discovering subsystems at path C:/Program Files/Unity/Hub/Editor/2020.3.6f1/Editor/Data/Resources/UnitySubsystems
[Subsystems] Discovering subsystems at path C:/Git/Procedural Anim Study/Assets
GfxDevice: creating device client; threaded=0
Direct3D:
    Version:  Direct3D 11.0 [level 11.1]
    Renderer: NVIDIA GeForce RTX 2060 (ID=0x1f15)
    Vendor:   
    VRAM:     5980 MB
    Driver:   27.21.14.6647
Initialize mono
Mono path[0] = 'C:/Program Files/Unity/Hub/Editor/2020.3.6f1/Editor/Data/Managed'
Mono path[1] = 'C:/Program Files/Unity/Hub/Editor/2020.3.6f1/Editor/Data/MonoBleedingEdge/lib/mono/unityjit'
Mono config path = 'C:/Program Files/Unity/Hub/Editor/2020.3.6f1/Editor/Data/MonoBleedingEdge/etc'
Using monoOptions --debugger-agent=transport=dt_socket,embedding=1,server=y,suspend=n,address=127.0.0.1:56792
Begin MonoManager ReloadAssembly
Registering precompiled unity dll's ...
Register platform support module: C:/Program Files/Unity/Hub/Editor/2020.3.6f1/Editor/Data/PlaybackEngines/WindowsStandaloneSupport/UnityEditor.WindowsStandalone.Extensions.dll
Registered in 0.002515 seconds.
Native extension for WindowsStandalone target not found
Refreshing native plugins compatible for Editor in 39.71 ms, found 1 plugins.
Preloading 0 native plugins for Editor in 0.00 ms.
Mono: successfully reloaded assembly
- Completed reload, in  1.970 seconds
Platform modules already initialized, skipping
Registering precompiled user dll's ...
Registered in 0.001215 seconds.
Begin MonoManager ReloadAssembly
Native extension for WindowsStandalone target not found
Refreshing native plugins compatible for Editor in 41.31 ms, found 1 plugins.
Preloading 0 native plugins for Editor in 0.00 ms.
Mono: successfully reloaded assembly
- Completed reload, in  1.045 seconds
Platform modules already initialized, skipping
========================================================================
Worker process is ready to serve import requests
Launched and connected shader compiler UnityShaderCompiler.exe after 0.04 seconds
Refreshing native plugins compatible for Editor in 0.39 ms, found 1 plugins.
Preloading 0 native plugins for Editor in 0.00 ms.
Unloading 1820 Unused Serialized files (Serialized files now loaded: 0)
System memory in use before: 105.9 MB.
System memory in use after: 105.9 MB.

Unloading 23 unused Assets to reduce memory usage. Loaded Objects now: 2294.
Total: 2.481700 ms (FindLiveObjects: 0.244400 ms CreateObjectMapping: 0.165700 ms MarkObjects: 1.945600 ms  DeleteObjects: 0.124700 ms)

========================================================================
Received Import Request.
  path: Assets/Prefabs/LevelGen/Rooms/Room LRTB.prefab
  artifactKey: Guid(bd3b7e0f5e004884bb3b6db4908a5291) Importer(815301076,1909f56bfc062723c751e8b465ee728b)
Start importing Assets/Prefabs/LevelGen/Rooms/Room LRTB.prefab using Guid(bd3b7e0f5e004884bb3b6db4908a5291) Importer(815301076,1909f56bfc062723c751e8b465ee728b)  -> (artifact id: '94124d810d37bf969c0182fa923ef612') in 0.063376 seconds
  Import took 0.067844 seconds .

========================================================================
Received Import Request.
  Time since last request: 1.982292 seconds.
  path: Assets/Scenes/LevelGen.unity
  artifactKey: Guid(38c812fe948d6bf46a9243a3f4443bc2) Importer(815301076,1909f56bfc062723c751e8b465ee728b)
Start importing Assets/Scenes/LevelGen.unity using Guid(38c812fe948d6bf46a9243a3f4443bc2) Importer(815301076,1909f56bfc062723c751e8b465ee728b)  -> (artifact id: '4328914ff4bcc70bc6f435d515eb2a24') in 0.009236 seconds
  Import took 0.015585 seconds .

========================================================================
Received Import Request.
  Time since last request: 0.930390 seconds.
  path: Assets/Scenes/ProceduralAnimation.unity
  artifactKey: Guid(2cda990e2423bbf4892e6590ba056729) Importer(815301076,1909f56bfc062723c751e8b465ee728b)
Start importing Assets/Scenes/ProceduralAnimation.unity using Guid(2cda990e2423bbf4892e6590ba056729) Importer(815301076,1909f56bfc062723c751e8b465ee728b)  -> (artifact id: '2035e323d9953a414c2393a33429329f') in 0.010753 seconds
  Import took 0.013683 seconds .

========================================================================
Received Import Request.
  Time since last request: 6.719046 seconds.
  path: Assets/Scenes/TopDown.unity
  artifactKey: Guid(d26ffcb03c9b4a04c99a5762cb37adc2) Importer(815301076,1909f56bfc062723c751e8b465ee728b)
Start importing Assets/Scenes/TopDown.unity using Guid(d26ffcb03c9b4a04c99a5762cb37adc2) Importer(815301076,1909f56bfc062723c751e8b465ee728b)  -> (artifact id: '8f5916a33c4dec7191e581fd66e126fa') in 0.007637 seconds
  Import took 0.010180 seconds .

========================================================================
Received Prepare
Registering precompiled user dll's ...
Registered in 0.001255 seconds.
Begin MonoManager ReloadAssembly
Native extension for WindowsStandalone target not found
Refreshing native plugins compatible for Editor in 0.38 ms, found 1 plugins.
Preloading 0 native plugins for Editor in 0.00 ms.
Mono: successfully reloaded assembly
- Completed reload, in  0.821 seconds
Platform modules already initialized, skipping
Refreshing native plugins compatible for Editor in 0.39 ms, found 1 plugins.
Preloading 0 native plugins for Editor in 0.00 ms.
Unloading 1815 Unused Serialized files (Serialized files now loaded: 0)
System memory in use before: 105.9 MB.
System memory in use after: 105.9 MB.

Unloading 12 unused Assets to reduce memory usage. Loaded Objects now: 2298.
Total: 3.523800 ms (FindLiveObjects: 0.277500 ms CreateObjectMapping: 0.076300 ms MarkObjects: 2.973600 ms  DeleteObjects: 0.195400 ms)

AssetImportWorkerClient::OnTransportError - code=2 error=End of file
